<?xml version="1.0" encoding="UTF-8"?>
<testsuites>
    <testsuite name="force.apex" timestamp="2025-09-27T02:01:09.000Z" hostname="https://dottestdemo.my.salesforce.com" tests="1" failures="0"  errors="0"  time="0.04">
        <properties>
            <property name="outcome" value="Successful"/>
            <property name="testsRan" value="1"/>
            <property name="passing" value="1"/>
            <property name="failing" value="0"/>
            <property name="skipped" value="0"/>
            <property name="passRate" value="100%"/>
            <property name="failRate" value="0%"/>
            <property name="testStartTime" value="Fri Sep 26 2025 10:01:09 PM"/>
            <property name="testSetupTimeInMs" value="0"/>
            <property name="testExecutionTime" value="0.04 s"/>
            <property name="testTotalTime" value="0.04 s"/>
            <property name="commandTime" value="0.10 s"/>
            <property name="hostname" value="https://dottestdemo.my.salesforce.com"/>
            <property name="orgId" value="00DWs00000GiYETMA3"/>
            <property name="username" value="admin@dottest.demo"/>
            <property name="testRunId" value="707Ws00000mOxPt"/>
            <property name="userId" value="005Ws000007bvHpIAI"/>
            <property name="coveredLines" value="14"/>
            <property name="testRunCoverage" value="32%"/>
            <property name="orgWideCoverage" value="9%"/>
        </properties>
        <testcase name="executesAction_withoutThrowing" classname="DamProviderInstanceActionTest" time="0.04">
        </testcase>
    </testsuite>
</testsuites>
