<?xml version="1.0" encoding="UTF-8"?>
<testsuites>
    <testsuite name="force.apex" timestamp="2025-09-27T01:55:43.000Z" hostname="https://dottestdemo.my.salesforce.com" tests="1" failures="0"  errors="0"  time="0.03">
        <properties>
            <property name="outcome" value="Successful"/>
            <property name="testsRan" value="1"/>
            <property name="passing" value="1"/>
            <property name="failing" value="0"/>
            <property name="skipped" value="0"/>
            <property name="passRate" value="100%"/>
            <property name="failRate" value="0%"/>
            <property name="testStartTime" value="Fri Sep 26 2025 9:55:43 PM"/>
            <property name="testSetupTimeInMs" value="0"/>
            <property name="testExecutionTime" value="0.03 s"/>
            <property name="testTotalTime" value="0.03 s"/>
            <property name="commandTime" value="0.09 s"/>
            <property name="hostname" value="https://dottestdemo.my.salesforce.com"/>
            <property name="orgId" value="00DWs00000GiYETMA3"/>
            <property name="username" value="admin@dottest.demo"/>
            <property name="testRunId" value="707Ws00000mOcw9"/>
            <property name="userId" value="005Ws000007bvHpIAI"/>
        </properties>
        <testcase name="executesAction_withoutThrowing" classname="DamProviderInstanceActionTest" time="0.03">
        </testcase>
    </testsuite>
</testsuites>
